TN:
SF:modules/divide.js
FN:1,divide
FNF:1
FNH:1
FNDA:3,divide
DA:1,3
DA:2,3
DA:3,1
DA:4,1
DA:5,2
DA:6,3
DA:7,1
DA:8,1
DA:9,1
DA:10,1
DA:11,1
DA:12,1
DA:13,1
LF:13
LH:13
BRDA:1,0,0,3
BRDA:2,1,0,1
BRDA:5,2,0,2
BRDA:6,3,0,1
BRDA:6,4,0,1
BRF:5
BRH:5
end_of_record
TN:
SF:modules/multiply.js
FN:1,multiply
FNF:1
FNH:1
FNDA:2,multiply
DA:1,2
DA:2,2
DA:3,2
DA:4,1
DA:5,1
LF:5
LH:5
BRDA:1,0,0,2
BRF:1
BRH:1
end_of_record
TN:
SF:modules/sum.js
FN:1,sum
FNF:1
FNH:1
FNDA:1,sum
DA:1,1
DA:2,1
DA:3,1
DA:4,1
DA:5,1
LF:5
LH:5
BRDA:1,0,0,1
BRF:1
BRH:1
end_of_record
